2020-03-18 07:39:17.313  INFO 65088 --- [main] com.vortexbird.sapiens.SpringBootRunner  : Starting SpringBootRunner on Johans-MacBook-Pro.local with PID 65088 (/Users/johan/Workspaces/Saberpro/fuentes/sapiens/target/classes started by johan in /Users/johan/Workspaces/Saberpro/fuentes/sapiens)
2020-03-18 07:39:17.316  INFO 65088 --- [main] com.vortexbird.sapiens.SpringBootRunner  : No active profile set, falling back to default profiles: default
2020-03-18 07:39:17.999  INFO 65088 --- [main] .s.d.r.c.RepositoryConfigurationDelegate : Bootstrapping Spring Data JPA repositories in DEFAULT mode.
2020-03-18 07:39:18.118  INFO 65088 --- [main] .s.d.r.c.RepositoryConfigurationDelegate : Finished Spring Data repository scanning in 107ms. Found 16 JPA repository interfaces.
2020-03-18 07:39:18.354  INFO 65088 --- [main] trationDelegate$BeanPostProcessorChecker : Bean 'org.springframework.transaction.annotation.ProxyTransactionManagementConfiguration' of type [org.springframework.transaction.annotation.ProxyTransactionManagementConfiguration] is not eligible for getting processed by all BeanPostProcessors (for example: not eligible for auto-proxying)
2020-03-18 07:39:18.570  INFO 65088 --- [main] o.s.b.w.embedded.tomcat.TomcatWebServer  : Tomcat initialized with port(s): 9090 (http)
2020-03-18 07:39:18.581  INFO 65088 --- [main] o.apache.catalina.core.StandardService   : Starting service [Tomcat]
2020-03-18 07:39:18.581  INFO 65088 --- [main] org.apache.catalina.core.StandardEngine  : Starting Servlet engine: [Apache Tomcat/9.0.30]
2020-03-18 07:39:18.647  INFO 65088 --- [main] o.a.c.c.C.[Tomcat].[localhost].[/]       : Initializing Spring embedded WebApplicationContext
2020-03-18 07:39:18.647  INFO 65088 --- [main] o.s.web.context.ContextLoader            : Root WebApplicationContext: initialization completed in 1297 ms
2020-03-18 07:39:18.766  INFO 65088 --- [main] com.zaxxer.hikari.HikariDataSource       : HikariPool-1 - Starting...
2020-03-18 07:39:18.865  INFO 65088 --- [main] com.zaxxer.hikari.HikariDataSource       : HikariPool-1 - Start completed.
2020-03-18 07:39:18.911  INFO 65088 --- [main] o.hibernate.jpa.internal.util.LogHelper  : HHH000204: Processing PersistenceUnitInfo [name: default]
2020-03-18 07:39:18.970  INFO 65088 --- [main] org.hibernate.Version                    : HHH000412: Hibernate Core {5.4.10.Final}
2020-03-18 07:39:19.127  INFO 65088 --- [main] o.hibernate.annotations.common.Version   : HCANN000001: Hibernate Commons Annotations {5.1.0.Final}
2020-03-18 07:39:19.203  INFO 65088 --- [main] org.hibernate.dialect.Dialect            : HHH000400: Using dialect: org.hibernate.dialect.PostgreSQLDialect
2020-03-18 07:39:19.917  INFO 65088 --- [main] o.h.e.t.j.p.i.JtaPlatformInitiator       : HHH000490: Using JtaPlatform implementation: [org.hibernate.engine.transaction.jta.platform.internal.NoJtaPlatform]
2020-03-18 07:39:19.923  INFO 65088 --- [main] j.LocalContainerEntityManagerFactoryBean : Initialized JPA EntityManagerFactory for persistence unit 'default'
2020-03-18 07:39:20.711  WARN 65088 --- [main] JpaBaseConfiguration$JpaWebConfiguration : spring.jpa.open-in-view is enabled by default. Therefore, database queries may be performed during view rendering. Explicitly configure spring.jpa.open-in-view to disable this warning
2020-03-18 07:39:20.837  INFO 65088 --- [main] pertySourcedRequestMappingHandlerMapping : Mapped URL path [/v2/api-docs] onto method [springfox.documentation.swagger2.web.Swagger2Controller#getDocumentation(String, HttpServletRequest)]
2020-03-18 07:39:20.918  INFO 65088 --- [main] o.s.s.concurrent.ThreadPoolTaskExecutor  : Initializing ExecutorService 'applicationTaskExecutor'
2020-03-18 07:39:21.063  INFO 65088 --- [main] d.s.w.p.DocumentationPluginsBootstrapper : Context refreshed
2020-03-18 07:39:21.082  INFO 65088 --- [main] d.s.w.p.DocumentationPluginsBootstrapper : Found 1 custom documentation plugin(s)
2020-03-18 07:39:21.107  INFO 65088 --- [main] s.d.s.w.s.ApiListingReferenceScanner     : Scanning for api listing references
2020-03-18 07:39:21.227  INFO 65088 --- [main] .d.s.w.r.o.CachingOperationNameGenerator : Generating unique operation named: countUsingGET_1
2020-03-18 07:39:21.228  INFO 65088 --- [main] .d.s.w.r.o.CachingOperationNameGenerator : Generating unique operation named: deleteUsingDELETE_1
2020-03-18 07:39:21.229  INFO 65088 --- [main] .d.s.w.r.o.CachingOperationNameGenerator : Generating unique operation named: findAllUsingGET_1
2020-03-18 07:39:21.230  INFO 65088 --- [main] .d.s.w.r.o.CachingOperationNameGenerator : Generating unique operation named: findByIdUsingGET_1
2020-03-18 07:39:21.232  INFO 65088 --- [main] .d.s.w.r.o.CachingOperationNameGenerator : Generating unique operation named: saveUsingPOST_1
2020-03-18 07:39:21.233  INFO 65088 --- [main] .d.s.w.r.o.CachingOperationNameGenerator : Generating unique operation named: updateUsingPUT_1
2020-03-18 07:39:21.235  INFO 65088 --- [main] .d.s.w.r.o.CachingOperationNameGenerator : Generating unique operation named: countUsingGET_2
2020-03-18 07:39:21.236  INFO 65088 --- [main] .d.s.w.r.o.CachingOperationNameGenerator : Generating unique operation named: deleteUsingDELETE_2
2020-03-18 07:39:21.237  INFO 65088 --- [main] .d.s.w.r.o.CachingOperationNameGenerator : Generating unique operation named: findAllUsingGET_2
2020-03-18 07:39:21.238  INFO 65088 --- [main] .d.s.w.r.o.CachingOperationNameGenerator : Generating unique operation named: findByIdUsingGET_2
2020-03-18 07:39:21.241  INFO 65088 --- [main] .d.s.w.r.o.CachingOperationNameGenerator : Generating unique operation named: saveUsingPOST_2
2020-03-18 07:39:21.242  INFO 65088 --- [main] .d.s.w.r.o.CachingOperationNameGenerator : Generating unique operation named: updateUsingPUT_2
2020-03-18 07:39:21.243  INFO 65088 --- [main] .d.s.w.r.o.CachingOperationNameGenerator : Generating unique operation named: countUsingGET_3
2020-03-18 07:39:21.245  INFO 65088 --- [main] .d.s.w.r.o.CachingOperationNameGenerator : Generating unique operation named: deleteUsingDELETE_3
2020-03-18 07:39:21.245  INFO 65088 --- [main] .d.s.w.r.o.CachingOperationNameGenerator : Generating unique operation named: findAllUsingGET_3
2020-03-18 07:39:21.246  INFO 65088 --- [main] .d.s.w.r.o.CachingOperationNameGenerator : Generating unique operation named: findByIdUsingGET_3
2020-03-18 07:39:21.250  INFO 65088 --- [main] .d.s.w.r.o.CachingOperationNameGenerator : Generating unique operation named: saveUsingPOST_3
2020-03-18 07:39:21.251  INFO 65088 --- [main] .d.s.w.r.o.CachingOperationNameGenerator : Generating unique operation named: updateUsingPUT_3
2020-03-18 07:39:21.259  INFO 65088 --- [main] .d.s.w.r.o.CachingOperationNameGenerator : Generating unique operation named: countUsingGET_4
2020-03-18 07:39:21.260  INFO 65088 --- [main] .d.s.w.r.o.CachingOperationNameGenerator : Generating unique operation named: deleteUsingDELETE_4
2020-03-18 07:39:21.261  INFO 65088 --- [main] .d.s.w.r.o.CachingOperationNameGenerator : Generating unique operation named: findAllUsingGET_4
2020-03-18 07:39:21.261  INFO 65088 --- [main] .d.s.w.r.o.CachingOperationNameGenerator : Generating unique operation named: findByIdUsingGET_4
2020-03-18 07:39:21.267  INFO 65088 --- [main] .d.s.w.r.o.CachingOperationNameGenerator : Generating unique operation named: saveUsingPOST_4
2020-03-18 07:39:21.268  INFO 65088 --- [main] .d.s.w.r.o.CachingOperationNameGenerator : Generating unique operation named: updateUsingPUT_4
2020-03-18 07:39:21.270  INFO 65088 --- [main] .d.s.w.r.o.CachingOperationNameGenerator : Generating unique operation named: countUsingGET_5
2020-03-18 07:39:21.271  INFO 65088 --- [main] .d.s.w.r.o.CachingOperationNameGenerator : Generating unique operation named: deleteUsingDELETE_5
2020-03-18 07:39:21.271  INFO 65088 --- [main] .d.s.w.r.o.CachingOperationNameGenerator : Generating unique operation named: findAllUsingGET_5
2020-03-18 07:39:21.272  INFO 65088 --- [main] .d.s.w.r.o.CachingOperationNameGenerator : Generating unique operation named: findByIdUsingGET_5
2020-03-18 07:39:21.275  INFO 65088 --- [main] .d.s.w.r.o.CachingOperationNameGenerator : Generating unique operation named: saveUsingPOST_5
2020-03-18 07:39:21.276  INFO 65088 --- [main] .d.s.w.r.o.CachingOperationNameGenerator : Generating unique operation named: updateUsingPUT_5
2020-03-18 07:39:21.278  INFO 65088 --- [main] .d.s.w.r.o.CachingOperationNameGenerator : Generating unique operation named: countUsingGET_6
2020-03-18 07:39:21.280  INFO 65088 --- [main] .d.s.w.r.o.CachingOperationNameGenerator : Generating unique operation named: deleteUsingDELETE_6
2020-03-18 07:39:21.281  INFO 65088 --- [main] .d.s.w.r.o.CachingOperationNameGenerator : Generating unique operation named: findAllUsingGET_6
2020-03-18 07:39:21.282  INFO 65088 --- [main] .d.s.w.r.o.CachingOperationNameGenerator : Generating unique operation named: findByIdUsingGET_6
2020-03-18 07:39:21.284  INFO 65088 --- [main] .d.s.w.r.o.CachingOperationNameGenerator : Generating unique operation named: saveUsingPOST_6
2020-03-18 07:39:21.285  INFO 65088 --- [main] .d.s.w.r.o.CachingOperationNameGenerator : Generating unique operation named: updateUsingPUT_6
2020-03-18 07:39:21.287  INFO 65088 --- [main] .d.s.w.r.o.CachingOperationNameGenerator : Generating unique operation named: countUsingGET_7
2020-03-18 07:39:21.288  INFO 65088 --- [main] .d.s.w.r.o.CachingOperationNameGenerator : Generating unique operation named: deleteUsingDELETE_7
2020-03-18 07:39:21.288  INFO 65088 --- [main] .d.s.w.r.o.CachingOperationNameGenerator : Generating unique operation named: findAllUsingGET_7
2020-03-18 07:39:21.289  INFO 65088 --- [main] .d.s.w.r.o.CachingOperationNameGenerator : Generating unique operation named: findByIdUsingGET_7
2020-03-18 07:39:21.291  INFO 65088 --- [main] .d.s.w.r.o.CachingOperationNameGenerator : Generating unique operation named: saveUsingPOST_7
2020-03-18 07:39:21.292  INFO 65088 --- [main] .d.s.w.r.o.CachingOperationNameGenerator : Generating unique operation named: updateUsingPUT_7
2020-03-18 07:39:21.293  INFO 65088 --- [main] .d.s.w.r.o.CachingOperationNameGenerator : Generating unique operation named: countUsingGET_8
2020-03-18 07:39:21.294  INFO 65088 --- [main] .d.s.w.r.o.CachingOperationNameGenerator : Generating unique operation named: deleteUsingDELETE_8
2020-03-18 07:39:21.295  INFO 65088 --- [main] .d.s.w.r.o.CachingOperationNameGenerator : Generating unique operation named: findAllUsingGET_8
2020-03-18 07:39:21.295  INFO 65088 --- [main] .d.s.w.r.o.CachingOperationNameGenerator : Generating unique operation named: findByIdUsingGET_8
2020-03-18 07:39:21.298  INFO 65088 --- [main] .d.s.w.r.o.CachingOperationNameGenerator : Generating unique operation named: saveUsingPOST_8
2020-03-18 07:39:21.298  INFO 65088 --- [main] .d.s.w.r.o.CachingOperationNameGenerator : Generating unique operation named: updateUsingPUT_8
2020-03-18 07:39:21.300  INFO 65088 --- [main] .d.s.w.r.o.CachingOperationNameGenerator : Generating unique operation named: countUsingGET_9
2020-03-18 07:39:21.301  INFO 65088 --- [main] .d.s.w.r.o.CachingOperationNameGenerator : Generating unique operation named: deleteUsingDELETE_9
2020-03-18 07:39:21.301  INFO 65088 --- [main] .d.s.w.r.o.CachingOperationNameGenerator : Generating unique operation named: findAllUsingGET_9
2020-03-18 07:39:21.302  INFO 65088 --- [main] .d.s.w.r.o.CachingOperationNameGenerator : Generating unique operation named: findByIdUsingGET_9
2020-03-18 07:39:21.304  INFO 65088 --- [main] .d.s.w.r.o.CachingOperationNameGenerator : Generating unique operation named: saveUsingPOST_9
2020-03-18 07:39:21.305  INFO 65088 --- [main] .d.s.w.r.o.CachingOperationNameGenerator : Generating unique operation named: updateUsingPUT_9
2020-03-18 07:39:21.306  INFO 65088 --- [main] .d.s.w.r.o.CachingOperationNameGenerator : Generating unique operation named: countUsingGET_10
2020-03-18 07:39:21.307  INFO 65088 --- [main] .d.s.w.r.o.CachingOperationNameGenerator : Generating unique operation named: deleteUsingDELETE_10
2020-03-18 07:39:21.307  INFO 65088 --- [main] .d.s.w.r.o.CachingOperationNameGenerator : Generating unique operation named: findAllUsingGET_10
2020-03-18 07:39:21.308  INFO 65088 --- [main] .d.s.w.r.o.CachingOperationNameGenerator : Generating unique operation named: findByIdUsingGET_10
2020-03-18 07:39:21.309  INFO 65088 --- [main] .d.s.w.r.o.CachingOperationNameGenerator : Generating unique operation named: saveUsingPOST_10
2020-03-18 07:39:21.310  INFO 65088 --- [main] .d.s.w.r.o.CachingOperationNameGenerator : Generating unique operation named: updateUsingPUT_10
2020-03-18 07:39:21.311  INFO 65088 --- [main] .d.s.w.r.o.CachingOperationNameGenerator : Generating unique operation named: countUsingGET_11
2020-03-18 07:39:21.312  INFO 65088 --- [main] .d.s.w.r.o.CachingOperationNameGenerator : Generating unique operation named: deleteUsingDELETE_11
2020-03-18 07:39:21.313  INFO 65088 --- [main] .d.s.w.r.o.CachingOperationNameGenerator : Generating unique operation named: findAllUsingGET_11
2020-03-18 07:39:21.313  INFO 65088 --- [main] .d.s.w.r.o.CachingOperationNameGenerator : Generating unique operation named: findByIdUsingGET_11
2020-03-18 07:39:21.315  INFO 65088 --- [main] .d.s.w.r.o.CachingOperationNameGenerator : Generating unique operation named: saveUsingPOST_11
2020-03-18 07:39:21.316  INFO 65088 --- [main] .d.s.w.r.o.CachingOperationNameGenerator : Generating unique operation named: updateUsingPUT_11
2020-03-18 07:39:21.317  INFO 65088 --- [main] .d.s.w.r.o.CachingOperationNameGenerator : Generating unique operation named: countUsingGET_12
2020-03-18 07:39:21.318  INFO 65088 --- [main] .d.s.w.r.o.CachingOperationNameGenerator : Generating unique operation named: deleteUsingDELETE_12
2020-03-18 07:39:21.319  INFO 65088 --- [main] .d.s.w.r.o.CachingOperationNameGenerator : Generating unique operation named: findAllUsingGET_12
2020-03-18 07:39:21.319  INFO 65088 --- [main] .d.s.w.r.o.CachingOperationNameGenerator : Generating unique operation named: findByIdUsingGET_12
2020-03-18 07:39:21.321  INFO 65088 --- [main] .d.s.w.r.o.CachingOperationNameGenerator : Generating unique operation named: saveUsingPOST_12
2020-03-18 07:39:21.322  INFO 65088 --- [main] .d.s.w.r.o.CachingOperationNameGenerator : Generating unique operation named: updateUsingPUT_12
2020-03-18 07:39:21.323  INFO 65088 --- [main] .d.s.w.r.o.CachingOperationNameGenerator : Generating unique operation named: countUsingGET_13
2020-03-18 07:39:21.324  INFO 65088 --- [main] .d.s.w.r.o.CachingOperationNameGenerator : Generating unique operation named: deleteUsingDELETE_13
2020-03-18 07:39:21.324  INFO 65088 --- [main] .d.s.w.r.o.CachingOperationNameGenerator : Generating unique operation named: findAllUsingGET_13
2020-03-18 07:39:21.325  INFO 65088 --- [main] .d.s.w.r.o.CachingOperationNameGenerator : Generating unique operation named: findByIdUsingGET_13
2020-03-18 07:39:21.326  INFO 65088 --- [main] .d.s.w.r.o.CachingOperationNameGenerator : Generating unique operation named: saveUsingPOST_13
2020-03-18 07:39:21.327  INFO 65088 --- [main] .d.s.w.r.o.CachingOperationNameGenerator : Generating unique operation named: updateUsingPUT_13
2020-03-18 07:39:21.328  INFO 65088 --- [main] .d.s.w.r.o.CachingOperationNameGenerator : Generating unique operation named: countUsingGET_14
2020-03-18 07:39:21.329  INFO 65088 --- [main] .d.s.w.r.o.CachingOperationNameGenerator : Generating unique operation named: deleteUsingDELETE_14
2020-03-18 07:39:21.329  INFO 65088 --- [main] .d.s.w.r.o.CachingOperationNameGenerator : Generating unique operation named: findAllUsingGET_14
2020-03-18 07:39:21.330  INFO 65088 --- [main] .d.s.w.r.o.CachingOperationNameGenerator : Generating unique operation named: findByIdUsingGET_14
2020-03-18 07:39:21.331  INFO 65088 --- [main] .d.s.w.r.o.CachingOperationNameGenerator : Generating unique operation named: saveUsingPOST_14
2020-03-18 07:39:21.332  INFO 65088 --- [main] .d.s.w.r.o.CachingOperationNameGenerator : Generating unique operation named: updateUsingPUT_14
2020-03-18 07:39:21.356  INFO 65088 --- [main] .d.s.w.r.o.CachingOperationNameGenerator : Generating unique operation named: countUsingGET_15
2020-03-18 07:39:21.357  INFO 65088 --- [main] .d.s.w.r.o.CachingOperationNameGenerator : Generating unique operation named: deleteUsingDELETE_15
2020-03-18 07:39:21.357  INFO 65088 --- [main] .d.s.w.r.o.CachingOperationNameGenerator : Generating unique operation named: findAllUsingGET_15
2020-03-18 07:39:21.359  INFO 65088 --- [main] .d.s.w.r.o.CachingOperationNameGenerator : Generating unique operation named: findByIdUsingGET_15
2020-03-18 07:39:21.359  INFO 65088 --- [main] .d.s.w.r.o.CachingOperationNameGenerator : Generating unique operation named: findByIdUsingGET_16
2020-03-18 07:39:21.363  INFO 65088 --- [main] .d.s.w.r.o.CachingOperationNameGenerator : Generating unique operation named: saveUsingPOST_15
2020-03-18 07:39:21.364  INFO 65088 --- [main] .d.s.w.r.o.CachingOperationNameGenerator : Generating unique operation named: updateUsingPUT_15
2020-03-18 07:39:21.397  INFO 65088 --- [main] o.s.b.w.embedded.tomcat.TomcatWebServer  : Tomcat started on port(s): 9090 (http) with context path ''
2020-03-18 07:39:21.399  INFO 65088 --- [main] com.vortexbird.sapiens.SpringBootRunner  : Started SpringBootRunner in 4.327 seconds (JVM running for 4.825)
2020-03-18 07:40:36.352  INFO 65088 --- [http-nio-9090-exec-1] o.a.c.c.C.[Tomcat].[localhost].[/]       : Initializing Spring DispatcherServlet 'dispatcherServlet'
2020-03-18 07:40:36.353  INFO 65088 --- [http-nio-9090-exec-1] o.s.web.servlet.DispatcherServlet        : Initializing Servlet 'dispatcherServlet'
2020-03-18 07:40:36.361  INFO 65088 --- [http-nio-9090-exec-1] o.s.web.servlet.DispatcherServlet        : Completed initialization in 8 ms
